2024-07-02 18:39:55.178 [info] Log level: Info
2024-07-02 18:39:55.178 [info] Validating found git in: "git"
2024-07-02 18:39:55.178 [info] Using git "2.25.1" from "git"
2024-07-02 18:39:55.178 [info] > git rev-parse --show-toplevel [1ms]
2024-07-02 18:39:55.178 [info] > git rev-parse --git-dir --git-common-dir [2ms]
2024-07-02 18:39:55.178 [info] Open repository: /mnt/code
2024-07-02 18:39:55.178 [info] > git config --get commit.template [8ms]
2024-07-02 18:39:55.178 [info] > git rev-parse --show-toplevel [2ms]
2024-07-02 18:39:55.178 [info] > git for-each-ref --format=%(refname)%00%(upstream:short)%00%(objectname)%00%(upstream:track)%00%(upstream:remotename)%00%(upstream:remoteref) refs/heads/dev refs/remotes/dev [33ms]
2024-07-02 18:39:55.178 [info] > git rev-parse --show-toplevel [2ms]
2024-07-02 18:39:55.178 [info] > git rev-parse --show-toplevel [2ms]
2024-07-02 18:39:55.178 [info] > git status -z -uall [23ms]
2024-07-02 18:39:55.178 [info] > git rev-parse --show-toplevel [12ms]
2024-07-02 18:39:55.178 [info] > git rev-parse --show-toplevel [8ms]
2024-07-02 18:39:55.178 [info] > git config --get commit.template [2ms]
2024-07-02 18:39:55.178 [info] > git for-each-ref --format=%(refname)%00%(upstream:short)%00%(objectname)%00%(upstream:track)%00%(upstream:remotename)%00%(upstream:remoteref) refs/heads/dev refs/remotes/dev [37ms]
2024-07-02 18:39:55.178 [info] > git rev-parse --show-toplevel [70ms]
2024-07-02 18:39:55.186 [info] > git rev-parse --show-toplevel [10ms]
2024-07-02 18:39:55.195 [info] > git status -z -uall [9ms]
2024-07-02 18:39:55.198 [info] > git rev-parse --show-toplevel [4ms]
2024-07-02 18:39:55.688 [info] > git check-ignore -v -z --stdin [1ms]
2024-07-02 18:40:04.368 [info] > git config --get commit.template [9ms]
2024-07-02 18:40:04.369 [info] > git for-each-ref --format=%(refname)%00%(upstream:short)%00%(objectname)%00%(upstream:track)%00%(upstream:remotename)%00%(upstream:remoteref) refs/heads/dev refs/remotes/dev [1ms]
2024-07-02 18:40:04.384 [info] > git status -z -uall [8ms]
2024-07-02 18:40:09.407 [info] > git config --get commit.template [9ms]
2024-07-02 18:40:09.407 [info] > git for-each-ref --format=%(refname)%00%(upstream:short)%00%(objectname)%00%(upstream:track)%00%(upstream:remotename)%00%(upstream:remoteref) refs/heads/dev refs/remotes/dev [1ms]
2024-07-02 18:40:09.424 [info] > git status -z -uall [8ms]
2024-07-02 18:40:14.444 [info] > git config --get commit.template [9ms]
2024-07-02 18:40:14.445 [info] > git for-each-ref --format=%(refname)%00%(upstream:short)%00%(objectname)%00%(upstream:track)%00%(upstream:remotename)%00%(upstream:remoteref) refs/heads/dev refs/remotes/dev [1ms]
2024-07-02 18:40:14.461 [info] > git status -z -uall [8ms]
2024-07-02 18:40:19.484 [info] > git config --get commit.template [10ms]
2024-07-02 18:40:19.485 [info] > git for-each-ref --format=%(refname)%00%(upstream:short)%00%(objectname)%00%(upstream:track)%00%(upstream:remotename)%00%(upstream:remoteref) refs/heads/dev refs/remotes/dev [1ms]
2024-07-02 18:40:19.501 [info] > git status -z -uall [8ms]
2024-07-02 18:40:24.523 [info] > git config --get commit.template [8ms]
2024-07-02 18:40:24.523 [info] > git for-each-ref --format=%(refname)%00%(upstream:short)%00%(objectname)%00%(upstream:track)%00%(upstream:remotename)%00%(upstream:remoteref) refs/heads/dev refs/remotes/dev [1ms]
2024-07-02 18:40:24.539 [info] > git status -z -uall [8ms]
2024-07-02 18:40:29.560 [info] > git config --get commit.template [9ms]
2024-07-02 18:40:29.560 [info] > git for-each-ref --format=%(refname)%00%(upstream:short)%00%(objectname)%00%(upstream:track)%00%(upstream:remotename)%00%(upstream:remoteref) refs/heads/dev refs/remotes/dev [1ms]
2024-07-02 18:40:29.576 [info] > git status -z -uall [8ms]
2024-07-02 18:40:34.598 [info] > git config --get commit.template [9ms]
2024-07-02 18:40:34.599 [info] > git for-each-ref --format=%(refname)%00%(upstream:short)%00%(objectname)%00%(upstream:track)%00%(upstream:remotename)%00%(upstream:remoteref) refs/heads/dev refs/remotes/dev [2ms]
2024-07-02 18:40:34.615 [info] > git status -z -uall [8ms]
2024-07-02 18:40:39.638 [info] > git for-each-ref --format=%(refname)%00%(upstream:short)%00%(objectname)%00%(upstream:track)%00%(upstream:remotename)%00%(upstream:remoteref) refs/heads/dev refs/remotes/dev [3ms]
2024-07-02 18:40:39.639 [info] > git config --get commit.template [12ms]
2024-07-02 18:40:39.656 [info] > git status -z -uall [8ms]
2024-07-02 18:40:44.686 [info] > git config --get commit.template [9ms]
2024-07-02 18:40:44.686 [info] > git for-each-ref --format=%(refname)%00%(upstream:short)%00%(objectname)%00%(upstream:track)%00%(upstream:remotename)%00%(upstream:remoteref) refs/heads/dev refs/remotes/dev [1ms]
2024-07-02 18:40:44.702 [info] > git status -z -uall [8ms]
2024-07-02 18:40:49.724 [info] > git config --get commit.template [10ms]
2024-07-02 18:40:49.725 [info] > git for-each-ref --format=%(refname)%00%(upstream:short)%00%(objectname)%00%(upstream:track)%00%(upstream:remotename)%00%(upstream:remoteref) refs/heads/dev refs/remotes/dev [2ms]
2024-07-02 18:40:49.740 [info] > git status -z -uall [8ms]
2024-07-02 18:40:51.260 [info] > git check-ignore -v -z --stdin [1ms]
2024-07-02 18:40:54.176 [info] > git show --textconv :app.sh [9ms]
2024-07-02 18:40:54.177 [info] > git ls-files --stage -- /mnt/code/app.sh [2ms]
2024-07-02 18:40:54.186 [info] > git cat-file -s 6240cb67fce26de392385960bb3604892d633d69 [1ms]
2024-07-02 18:40:54.755 [info] > git config --get commit.template [2ms]
2024-07-02 18:40:54.764 [info] > git for-each-ref --format=%(refname)%00%(upstream:short)%00%(objectname)%00%(upstream:track)%00%(upstream:remotename)%00%(upstream:remoteref) refs/heads/dev refs/remotes/dev [1ms]
2024-07-02 18:40:54.780 [info] > git status -z -uall [8ms]
2024-07-02 18:41:13.692 [info] > git config --get commit.template [9ms]
2024-07-02 18:41:13.693 [info] > git for-each-ref --format=%(refname)%00%(upstream:short)%00%(objectname)%00%(upstream:track)%00%(upstream:remotename)%00%(upstream:remoteref) refs/heads/dev refs/remotes/dev [2ms]
2024-07-02 18:41:13.708 [info] > git status -z -uall [7ms]
2024-07-02 18:41:18.722 [info] > git config --get commit.template [2ms]
2024-07-02 18:41:18.731 [info] > git for-each-ref --format=%(refname)%00%(upstream:short)%00%(objectname)%00%(upstream:track)%00%(upstream:remotename)%00%(upstream:remoteref) refs/heads/dev refs/remotes/dev [2ms]
2024-07-02 18:41:18.746 [info] > git status -z -uall [7ms]
2024-07-02 18:41:19.995 [info] > git check-ignore -v -z --stdin [1ms]
2024-07-02 18:41:20.013 [info] > git show --textconv :app.R [9ms]
2024-07-02 18:41:20.014 [info] > git ls-files --stage -- /mnt/code/app.R [2ms]
2024-07-02 18:41:23.768 [info] > git config --get commit.template [8ms]
2024-07-02 18:41:23.768 [info] > git for-each-ref --format=%(refname)%00%(upstream:short)%00%(objectname)%00%(upstream:track)%00%(upstream:remotename)%00%(upstream:remoteref) refs/heads/dev refs/remotes/dev [1ms]
2024-07-02 18:41:23.784 [info] > git status -z -uall [7ms]
2024-07-02 18:41:25.302 [info] > git show --textconv :app.sh [9ms]
2024-07-02 18:41:25.302 [info] > git ls-files --stage -- /mnt/code/app.sh [1ms]
2024-07-02 18:41:25.311 [info] > git cat-file -s 6240cb67fce26de392385960bb3604892d633d69 [1ms]
2024-07-02 18:41:31.267 [info] > git config --get commit.template [9ms]
2024-07-02 18:41:31.268 [info] > git for-each-ref --format=%(refname)%00%(upstream:short)%00%(objectname)%00%(upstream:track)%00%(upstream:remotename)%00%(upstream:remoteref) refs/heads/dev refs/remotes/dev [1ms]
2024-07-02 18:41:31.285 [info] > git status -z -uall [8ms]
2024-07-02 18:41:36.306 [info] > git config --get commit.template [9ms]
2024-07-02 18:41:36.306 [info] > git for-each-ref --format=%(refname)%00%(upstream:short)%00%(objectname)%00%(upstream:track)%00%(upstream:remotename)%00%(upstream:remoteref) refs/heads/dev refs/remotes/dev [1ms]
2024-07-02 18:41:36.321 [info] > git status -z -uall [7ms]
2024-07-02 18:41:39.877 [info] > git show --textconv :app.R [9ms]
2024-07-02 18:41:39.878 [info] > git ls-files --stage -- /mnt/code/app.R [1ms]
2024-07-02 18:41:41.057 [info] > git show --textconv :app.sh [9ms]
2024-07-02 18:41:41.058 [info] > git ls-files --stage -- /mnt/code/app.sh [2ms]
2024-07-02 18:41:41.066 [info] > git cat-file -s 6240cb67fce26de392385960bb3604892d633d69 [1ms]
2024-07-02 18:41:41.343 [info] > git config --get commit.template [9ms]
2024-07-02 18:41:41.344 [info] > git for-each-ref --format=%(refname)%00%(upstream:short)%00%(objectname)%00%(upstream:track)%00%(upstream:remotename)%00%(upstream:remoteref) refs/heads/dev refs/remotes/dev [1ms]
2024-07-02 18:41:41.359 [info] > git status -z -uall [8ms]
2024-07-02 18:41:42.150 [info] > git merge-base refs/heads/dev refs/remotes/origin/dev [1ms]
2024-07-02 18:41:42.159 [info] > git rev-list --count --left-right refs/heads/dev...refs/remotes/origin/dev [1ms]
2024-07-02 18:41:42.559 [info] > git check-ignore -v -z --stdin [1ms]
2024-07-02 18:41:46.380 [info] > git config --get commit.template [9ms]
2024-07-02 18:41:46.380 [info] > git for-each-ref --format=%(refname)%00%(upstream:short)%00%(objectname)%00%(upstream:track)%00%(upstream:remotename)%00%(upstream:remoteref) refs/heads/dev refs/remotes/dev [1ms]
2024-07-02 18:41:46.396 [info] > git status -z -uall [7ms]
